gain	0	1	-74.67
gain	1	0	-73.14
gain	0	2	-79.72
gain	2	0	-79.21
gain	0	3	-74.48
gain	3	0	-73.64
gain	0	4	-101.81
gain	4	0	-101.58
gain	0	5	-64.76
gain	5	0	-64.54
gain	0	6	-89.04
gain	6	0	-85.68
gain	0	7	-87.52
gain	7	0	-86.50
gain	0	8	-77.61
gain	8	0	-78.52
gain	0	9	-100.08
gain	9	0	-99.85
gain	0	10	-69.04
gain	10	0	-67.43
gain	0	11	-57.64
gain	11	0	-55.52
gain	0	12	-89.74
gain	12	0	-88.58
gain	0	13	-89.04
gain	13	0	-87.91
gain	0	14	-74.94
gain	14	0	-73.92
gain	0	15	-86.24
gain	15	0	-84.56
gain	0	16	-73.57
gain	16	0	-71.41
gain	0	17	-91.97
gain	17	0	-91.66
gain	0	18	-85.18
gain	18	0	-86.79
gain	0	19	-92.53
gain	19	0	-91.52
gain	1	2	-77.97
gain	2	1	-78.99
gain	1	3	-82.02
gain	3	1	-82.71
gain	1	4	-87.70
gain	4	1	-88.99
gain	1	5	-81.95
gain	5	1	-83.26
gain	1	6	-76.41
gain	6	1	-74.58
gain	1	7	-68.31
gain	7	1	-68.81
gain	1	8	-71.39
gain	8	1	-73.83
gain	1	9	-86.59
gain	9	1	-87.88
gain	1	10	-85.37
gain	10	1	-85.28
gain	1	11	-50.75
gain	11	1	-50.16
gain	1	12	-87.12
gain	12	1	-87.49
gain	1	13	-74.92
gain	13	1	-75.31
gain	1	14	-59.33
gain	14	1	-59.84
gain	1	15	-88.98
gain	15	1	-88.83
gain	1	16	-74.04
gain	16	1	-73.40
gain	1	17	-79.82
gain	17	1	-81.03
gain	1	18	-63.87
gain	18	1	-67.00
gain	1	19	-93.89
gain	19	1	-94.39
gain	2	3	-52.13
gain	3	2	-51.80
gain	2	4	-78.51
gain	4	2	-78.79
gain	2	5	-75.81
gain	5	2	-76.11
gain	2	6	-78.43
gain	6	2	-75.57
gain	2	7	-81.45
gain	7	2	-80.93
gain	2	8	-40.68
gain	8	2	-42.10
gain	2	9	-79.47
gain	9	2	-79.74
gain	2	10	-78.02
gain	10	2	-76.92
gain	2	11	-79.59
gain	11	2	-77.98
gain	2	12	-68.73
gain	12	2	-68.08
gain	2	13	-80.45
gain	13	2	-79.83
gain	2	14	-71.07
gain	14	2	-70.55
gain	2	15	-77.80
gain	15	2	-76.63
gain	2	16	-59.86
gain	16	2	-58.20
gain	2	17	-86.81
gain	17	2	-87.00
gain	2	18	-85.04
gain	18	2	-87.15
gain	2	19	-81.96
gain	19	2	-81.44
gain	3	4	-82.14
gain	4	3	-82.75
gain	3	5	-69.65
gain	5	3	-70.27
gain	3	6	-90.20
gain	6	3	-87.67
gain	3	7	-89.48
gain	7	3	-89.29
gain	3	8	-67.67
gain	8	3	-69.42
gain	3	9	-80.45
gain	9	3	-81.05
gain	3	10	-68.60
gain	10	3	-67.83
gain	3	11	-76.72
gain	11	3	-75.44
gain	3	12	-78.23
gain	12	3	-77.90
gain	3	13	-88.43
gain	13	3	-88.14
gain	3	14	-71.21
gain	14	3	-71.03
gain	3	15	-69.83
gain	15	3	-68.99
gain	3	16	-61.86
gain	16	3	-60.54
gain	3	17	-89.50
gain	17	3	-90.02
gain	3	18	-86.48
gain	18	3	-88.92
gain	3	19	-84.76
gain	19	3	-84.58
gain	4	5	-92.38
gain	5	4	-92.39
gain	4	6	-77.43
gain	6	4	-74.30
gain	4	7	-81.89
gain	7	4	-81.09
gain	4	8	-76.89
gain	8	4	-78.03
gain	4	9	-55.39
gain	9	4	-55.38
gain	4	10	-90.10
gain	10	4	-88.72
gain	4	11	-88.40
gain	11	4	-86.51
gain	4	12	-63.57
gain	12	4	-62.64
gain	4	13	-84.25
gain	13	4	-83.35
gain	4	14	-81.94
gain	14	4	-81.15
gain	4	15	-84.22
gain	15	4	-82.77
gain	4	16	-90.25
gain	16	4	-88.32
gain	4	17	-82.17
gain	17	4	-82.08
gain	4	18	-96.60
gain	18	4	-98.44
gain	4	19	-73.74
gain	19	4	-72.95
gain	5	6	-95.90
gain	6	5	-92.75
gain	5	7	-88.86
gain	7	5	-88.05
gain	5	8	-81.67
gain	8	5	-82.80
gain	5	9	-95.68
gain	9	5	-95.66
gain	5	10	-41.21
gain	10	5	-39.82
gain	5	11	-76.73
gain	11	5	-74.83
gain	5	12	-86.56
gain	12	5	-85.61
gain	5	13	-92.51
gain	13	5	-91.60
gain	5	14	-77.38
gain	14	5	-76.57
gain	5	15	-81.90
gain	15	5	-80.44
gain	5	16	-71.08
gain	16	5	-69.13
gain	5	17	-93.06
gain	17	5	-92.95
gain	5	18	-86.79
gain	18	5	-88.60
gain	5	19	-93.61
gain	19	5	-92.81
gain	6	7	-48.62
gain	7	6	-50.96
gain	6	8	-72.72
gain	8	6	-77.00
gain	6	9	-81.27
gain	9	6	-84.39
gain	6	10	-90.06
gain	10	6	-91.81
gain	6	11	-79.50
gain	11	6	-80.74
gain	6	12	-83.21
gain	12	6	-85.42
gain	6	13	-54.36
gain	13	6	-56.59
gain	6	14	-74.76
gain	14	6	-77.10
gain	6	15	-93.95
gain	15	6	-95.63
gain	6	16	-84.27
gain	16	6	-85.47
gain	6	17	-48.59
gain	17	6	-51.64
gain	6	18	-69.15
gain	18	6	-74.11
gain	6	19	-65.52
gain	19	6	-67.87
gain	7	8	-78.90
gain	8	7	-80.84
gain	7	9	-84.98
gain	9	7	-85.77
gain	7	10	-89.96
gain	10	7	-89.37
gain	7	11	-74.72
gain	11	7	-73.62
gain	7	12	-86.01
gain	12	7	-85.87
gain	7	13	-32.50
gain	13	7	-32.40
gain	7	14	-68.03
gain	14	7	-68.04
gain	7	15	-91.50
gain	15	7	-90.84
gain	7	16	-80.56
gain	16	7	-79.42
gain	7	17	-56.02
gain	17	7	-56.73
gain	7	18	-66.09
gain	18	7	-68.72
gain	7	19	-72.81
gain	19	7	-72.82
gain	8	9	-81.60
gain	9	8	-80.45
gain	8	10	-82.53
gain	10	8	-80.01
gain	8	11	-72.25
gain	11	8	-69.21
gain	8	12	-74.47
gain	12	8	-72.40
gain	8	13	-84.11
gain	13	8	-82.07
gain	8	14	-74.75
gain	14	8	-72.81
gain	8	15	-74.07
gain	15	8	-71.48
gain	8	16	-64.35
gain	16	8	-61.28
gain	8	17	-87.50
gain	17	8	-86.26
gain	8	18	-83.02
gain	18	8	-83.71
gain	8	19	-81.13
gain	19	8	-79.20
gain	9	10	-94.57
gain	10	9	-93.20
gain	9	11	-93.18
gain	11	9	-91.29
gain	9	12	-56.09
gain	12	9	-55.16
gain	9	13	-94.50
gain	13	9	-93.60
gain	9	14	-87.54
gain	14	9	-86.76
gain	9	15	-84.72
gain	15	9	-83.28
gain	9	16	-84.29
gain	16	9	-82.37
gain	9	17	-87.37
gain	17	9	-87.29
gain	9	18	-91.97
gain	18	9	-93.81
gain	9	19	-77.76
gain	19	9	-76.98
gain	10	11	-74.43
gain	11	10	-73.92
gain	10	12	-82.01
gain	12	10	-82.46
gain	10	13	-94.37
gain	13	10	-94.86
gain	10	14	-86.63
gain	14	10	-87.22
gain	10	15	-67.56
gain	15	10	-67.49
gain	10	16	-69.69
gain	16	10	-69.14
gain	10	17	-94.05
gain	17	10	-95.34
gain	10	18	-89.57
gain	18	10	-92.78
gain	10	19	-90.31
gain	19	10	-90.91
gain	11	12	-83.73
gain	12	11	-84.69
gain	11	13	-87.11
gain	13	11	-88.10
gain	11	14	-61.77
gain	14	11	-62.87
gain	11	15	-84.62
gain	15	11	-85.06
gain	11	16	-66.44
gain	16	11	-66.40
gain	11	17	-88.03
gain	17	11	-89.84
gain	11	18	-76.65
gain	18	11	-80.37
gain	11	19	-88.47
gain	19	11	-89.57
gain	12	13	-81.67
gain	13	12	-81.70
gain	12	14	-84.28
gain	14	12	-84.42
gain	12	15	-80.52
gain	15	12	-80.00
gain	12	16	-74.76
gain	16	12	-73.76
gain	12	17	-89.84
gain	17	12	-90.68
gain	12	18	-93.17
gain	18	12	-95.93
gain	12	19	-75.10
gain	19	12	-75.25
gain	13	14	-68.55
gain	14	13	-68.66
gain	13	15	-90.28
gain	15	13	-89.73
gain	13	16	-78.00
gain	16	13	-76.96
gain	13	17	-53.87
gain	17	13	-54.69
gain	13	18	-52.68
gain	18	13	-55.41
gain	13	19	-75.77
gain	19	13	-75.88
gain	14	15	-83.06
gain	15	14	-82.41
gain	14	16	-64.35
gain	16	14	-63.21
gain	14	17	-79.35
gain	17	14	-80.05
gain	14	18	-71.33
gain	18	14	-73.95
gain	14	19	-79.72
gain	19	14	-79.72
gain	15	16	-75.39
gain	16	15	-74.91
gain	15	17	-97.79
gain	17	15	-99.15
gain	15	18	-91.77
gain	18	15	-95.05
gain	15	19	-90.55
gain	19	15	-91.21
gain	16	17	-84.12
gain	17	16	-85.96
gain	16	18	-80.89
gain	18	16	-84.65
gain	16	19	-83.83
gain	19	16	-84.97
gain	17	18	-72.60
gain	18	17	-74.52
gain	17	19	-70.59
gain	19	17	-69.89
gain	18	19	-88.23
gain	19	18	-85.61
noise	0	-103.90	4.00
noise	1	-105.32	4.00
noise	2	-105.91	4.00
noise	3	-105.23	4.00
noise	4	-104.65	4.00
noise	5	-104.84	4.00
noise	6	-105.98	4.00
noise	7	-105.12	4.00
noise	8	-103.85	4.00
noise	9	-104.56	4.00
noise	10	-105.24	4.00
noise	11	-107.34	4.00
noise	12	-105.26	4.00
noise	13	-106.06	4.00
noise	14	-104.62	4.00
noise	15	-106.85	4.00
noise	16	-104.80	4.00
noise	17	-105.52	4.00
noise	18	-104.06	4.00
noise	19	-105.47	4.00
